<?xml version="1.0" encoding="UTF-8"?>
<!-- Generated by org.testng.reporters.JUnitReportReporter -->
<testsuite skipped="0" hostname="LAPTOP-SIGT1BQ1" name="com.project.SuiteA.TC_001" tests="1" failures="0" timestamp="2020-03-15T12:10:37 IST" time="0.004" errors="0">
  <testcase name="amazon" time="0.004" classname="com.project.SuiteA.TC_001"/>
</testsuite> <!-- com.project.SuiteA.TC_001 -->
